[19:23:27] [main/INFO] [GradleStart]: Extra: []
[19:23:27] [main/INFO] [GradleStart]: Setting up virtual assets in: C:\Users\michaelw\.gradle\caches\minecraft\assets\virtual\legacy
[19:23:28] [main/INFO] [GradleStart]: Running with arguments: [--userProperties, {}, --assetsDir, C:\Users\michaelw\.gradle\caches\minecraft\assets\virtual\legacy, --assetIndex, legacy, --accessToken, {REDACTED}, --version, 1.7.2, --tweakClass, cpw.mods.fml.common.launcher.FMLTweaker, --tweakClass, net.minecraftforge.gradle.tweakers.CoremodTweaker]
[19:23:28] [main/INFO] [LaunchWrapper]: Loading tweak class name cpw.mods.fml.common.launcher.FMLTweaker
[19:23:28] [main/INFO] [LaunchWrapper]: Using primary tweak class name cpw.mods.fml.common.launcher.FMLTweaker
[19:23:28] [main/INFO] [LaunchWrapper]: Loading tweak class name net.minecraftforge.gradle.tweakers.CoremodTweaker
[19:23:28] [main/INFO] [LaunchWrapper]: Calling tweak class cpw.mods.fml.common.launcher.FMLTweaker
[19:26:03] [main/INFO] [GradleStart]: Extra: []
[19:26:03] [main/INFO] [GradleStart]: Setting up virtual assets in: C:\Users\michaelw\.gradle\caches\minecraft\assets\virtual\legacy
[19:26:04] [main/INFO] [GradleStart]: Running with arguments: [--userProperties, {}, --assetsDir, C:\Users\michaelw\.gradle\caches\minecraft\assets\virtual\legacy, --assetIndex, legacy, --accessToken, {REDACTED}, --version, 1.7.2, --tweakClass, cpw.mods.fml.common.launcher.FMLTweaker, --tweakClass, net.minecraftforge.gradle.tweakers.CoremodTweaker]
[19:26:04] [main/INFO] [LaunchWrapper]: Loading tweak class name cpw.mods.fml.common.launcher.FMLTweaker
[19:26:04] [main/INFO] [LaunchWrapper]: Using primary tweak class name cpw.mods.fml.common.launcher.FMLTweaker
[19:26:04] [main/INFO] [LaunchWrapper]: Loading tweak class name net.minecraftforge.gradle.tweakers.CoremodTweaker
[19:26:04] [main/INFO] [LaunchWrapper]: Calling tweak class cpw.mods.fml.common.launcher.FMLTweaker
[19:31:12] [main/INFO] [GradleStart]: Extra: []
[19:31:12] [main/INFO] [GradleStart]: Setting up virtual assets in: C:\Users\michaelw\.gradle\caches\minecraft\assets\virtual\legacy
[19:31:13] [main/INFO] [GradleStart]: Running with arguments: [--userProperties, {}, --assetsDir, C:\Users\michaelw\.gradle\caches\minecraft\assets\virtual\legacy, --assetIndex, legacy, --accessToken, {REDACTED}, --version, 1.7.2, --tweakClass, cpw.mods.fml.common.launcher.FMLTweaker, --tweakClass, net.minecraftforge.gradle.tweakers.CoremodTweaker]
[19:31:13] [main/INFO] [LaunchWrapper]: Loading tweak class name cpw.mods.fml.common.launcher.FMLTweaker
[19:31:13] [main/INFO] [LaunchWrapper]: Using primary tweak class name cpw.mods.fml.common.launcher.FMLTweaker
[19:31:13] [main/INFO] [LaunchWrapper]: Loading tweak class name net.minecraftforge.gradle.tweakers.CoremodTweaker
[19:31:13] [main/INFO] [LaunchWrapper]: Calling tweak class cpw.mods.fml.common.launcher.FMLTweaker
[19:31:20] [main/INFO] [GradleStart]: Extra: []
[19:31:20] [main/INFO] [GradleStart]: Setting up virtual assets in: C:\Users\michaelw\.gradle\caches\minecraft\assets\virtual\legacy
[19:31:21] [main/INFO] [GradleStart]: Running with arguments: [--userProperties, {}, --assetsDir, C:\Users\michaelw\.gradle\caches\minecraft\assets\virtual\legacy, --assetIndex, legacy, --accessToken, {REDACTED}, --version, 1.7.2, --tweakClass, cpw.mods.fml.common.launcher.FMLTweaker, --tweakClass, net.minecraftforge.gradle.tweakers.CoremodTweaker]
[19:31:21] [main/INFO] [LaunchWrapper]: Loading tweak class name cpw.mods.fml.common.launcher.FMLTweaker
[19:31:21] [main/INFO] [LaunchWrapper]: Using primary tweak class name cpw.mods.fml.common.launcher.FMLTweaker
[19:31:21] [main/INFO] [LaunchWrapper]: Loading tweak class name net.minecraftforge.gradle.tweakers.CoremodTweaker
[19:31:21] [main/INFO] [LaunchWrapper]: Calling tweak class cpw.mods.fml.common.launcher.FMLTweaker
[19:32:08] [main/INFO] [GradleStart]: Extra: []
[19:32:08] [main/INFO] [GradleStart]: Setting up virtual assets in: C:\Users\michaelw\.gradle\caches\minecraft\assets\virtual\legacy
[19:32:10] [main/INFO] [GradleStart]: Running with arguments: [--userProperties, {}, --assetsDir, C:\Users\michaelw\.gradle\caches\minecraft\assets\virtual\legacy, --assetIndex, legacy, --accessToken, {REDACTED}, --version, 1.7.2, --tweakClass, cpw.mods.fml.common.launcher.FMLTweaker, --tweakClass, net.minecraftforge.gradle.tweakers.CoremodTweaker]
[19:32:10] [main/INFO] [LaunchWrapper]: Loading tweak class name cpw.mods.fml.common.launcher.FMLTweaker
[19:32:10] [main/INFO] [LaunchWrapper]: Using primary tweak class name cpw.mods.fml.common.launcher.FMLTweaker
[19:32:10] [main/INFO] [LaunchWrapper]: Loading tweak class name net.minecraftforge.gradle.tweakers.CoremodTweaker
[19:32:10] [main/INFO] [LaunchWrapper]: Calling tweak class cpw.mods.fml.common.launcher.FMLTweaker
[19:34:31] [main/INFO] [GradleStart]: Extra: []
[19:34:31] [main/INFO] [GradleStart]: Setting up virtual assets in: C:\Users\michaelw\.gradle\caches\minecraft\assets\virtual\legacy
[19:34:32] [main/INFO] [GradleStart]: Running with arguments: [--userProperties, {}, --assetsDir, C:\Users\michaelw\.gradle\caches\minecraft\assets\virtual\legacy, --assetIndex, legacy, --accessToken, {REDACTED}, --version, 1.7.2, --tweakClass, cpw.mods.fml.common.launcher.FMLTweaker, --tweakClass, net.minecraftforge.gradle.tweakers.CoremodTweaker]
[19:34:32] [main/INFO] [LaunchWrapper]: Loading tweak class name cpw.mods.fml.common.launcher.FMLTweaker
[19:34:32] [main/INFO] [LaunchWrapper]: Using primary tweak class name cpw.mods.fml.common.launcher.FMLTweaker
[19:34:32] [main/INFO] [LaunchWrapper]: Loading tweak class name net.minecraftforge.gradle.tweakers.CoremodTweaker
[19:34:32] [main/INFO] [LaunchWrapper]: Calling tweak class cpw.mods.fml.common.launcher.FMLTweaker
[19:34:35] [main/INFO] [GradleStart]: Extra: []
[19:34:36] [main/INFO] [GradleStart]: Running with arguments: [--tweakClass, cpw.mods.fml.common.launcher.FMLServerTweaker, --tweakClass, net.minecraftforge.gradle.tweakers.CoremodTweaker]
[19:34:36] [main/INFO] [LaunchWrapper]: Loading tweak class name cpw.mods.fml.common.launcher.FMLServerTweaker
[19:34:36] [main/INFO] [LaunchWrapper]: Using primary tweak class name cpw.mods.fml.common.launcher.FMLServerTweaker
[19:34:36] [main/INFO] [LaunchWrapper]: Loading tweak class name net.minecraftforge.gradle.tweakers.CoremodTweaker
[19:34:36] [main/INFO] [LaunchWrapper]: Calling tweak class cpw.mods.fml.common.launcher.FMLServerTweaker
[19:36:56] [main/INFO] [GradleStart]: Extra: []
[19:36:56] [main/INFO] [GradleStart]: Setting up virtual assets in: C:\Users\michaelw\.gradle\caches\minecraft\assets\virtual\legacy
[19:36:57] [main/INFO] [GradleStart]: Running with arguments: [--userProperties, {}, --assetsDir, C:\Users\michaelw\.gradle\caches\minecraft\assets\virtual\legacy, --assetIndex, legacy, --accessToken, {REDACTED}, --version, 1.7.2, --tweakClass, cpw.mods.fml.common.launcher.FMLTweaker, --tweakClass, net.minecraftforge.gradle.tweakers.CoremodTweaker]
[19:36:57] [main/INFO] [LaunchWrapper]: Loading tweak class name cpw.mods.fml.common.launcher.FMLTweaker
[19:36:57] [main/INFO] [LaunchWrapper]: Using primary tweak class name cpw.mods.fml.common.launcher.FMLTweaker
[19:36:57] [main/INFO] [LaunchWrapper]: Loading tweak class name net.minecraftforge.gradle.tweakers.CoremodTweaker
[19:36:57] [main/INFO] [LaunchWrapper]: Calling tweak class cpw.mods.fml.common.launcher.FMLTweaker
[19:41:22] [main/INFO] [GradleStart]: Extra: []
[19:41:22] [main/INFO] [GradleStart]: Setting up virtual assets in: C:\Users\michaelw\.gradle\caches\minecraft\assets\virtual\legacy
[19:41:23] [main/INFO] [GradleStart]: Running with arguments: [--userProperties, {}, --accessToken, {REDACTED}, --assetIndex, legacy, --assetsDir, C:\Users\michaelw\.gradle\caches\minecraft\assets\virtual\legacy, --version, 1.7.2, --tweakClass, cpw.mods.fml.common.launcher.FMLTweaker, --tweakClass, net.minecraftforge.gradle.tweakers.CoremodTweaker]
[19:41:23] [main/INFO] [LaunchWrapper]: Loading tweak class name cpw.mods.fml.common.launcher.FMLTweaker
[19:41:23] [main/INFO] [LaunchWrapper]: Using primary tweak class name cpw.mods.fml.common.launcher.FMLTweaker
[19:41:23] [main/INFO] [LaunchWrapper]: Loading tweak class name net.minecraftforge.gradle.tweakers.CoremodTweaker
[19:41:23] [main/INFO] [LaunchWrapper]: Calling tweak class cpw.mods.fml.common.launcher.FMLTweaker
